<?xml version="1.0" encoding="UTF-8"?>
<!-- Generated by org.testng.reporters.JUnitReportReporter -->
<testsuite hostname="MacBook-Pro.local" failures="0" tests="1" name="cucumber.options.TestRunner" time="15.911" errors="0" timestamp="2025-05-23T16:14:06 IST" skipped="0">
  <testcase classname="cucumber.options.TestRunner" name="runScenario" time="15.911"/>
</testsuite> <!-- cucumber.options.TestRunner -->
